<?xml version="1.0" encoding="UTF-8"?>
<!-- Generated by org.testng.reporters.JUnitXMLReporter -->
<testsuite ignored="0" hostname="DESKTOP-2ODO8DJ" failures="0" tests="12" name="Default test" time="0.933" errors="0" timestamp="2023-10-23T21:41:59 IST">
  <testcase classname="Base.BaseClassTest" name="@BeforeTest setup" time="-1.69807751886E9">
    <failure type="org.testng.TestNGException" message="
Parameter &amp;apos;browser&amp;apos; is required by BeforeTest on method setup but has not been marked @Optional or defined
in C:\Users\lenovo\AppData\Local\Temp\testng-eclipse-1666880972\testng-customsuite.xml">
      <![CDATA[org.testng.TestNGException: 
Parameter 'browser' is required by BeforeTest on method setup but has not been marked @Optional or defined
in C:\Users\lenovo\AppData\Local\Temp\testng-eclipse-1666880972\testng-customsuite.xml
at org.testng.internal.Parameters.createParams(Parameters.java:267)
at org.testng.internal.Parameters.createParametersForMethod(Parameters.java:355)
at org.testng.internal.Parameters.createParameters(Parameters.java:684)
at org.testng.internal.Parameters.createConfigurationParameters(Parameters.java:166)
at org.testng.internal.invokers.ConfigInvoker.invokeConfigurations(ConfigInvoker.java:306)
at org.testng.TestRunner.invokeTestConfigurations(TestRunner.java:663)
at org.testng.TestRunner.beforeRun(TestRunner.java:652)
at org.testng.TestRunner.run(TestRunner.java:614)
at org.testng.SuiteRunner.runTest(SuiteRunner.java:443)
at org.testng.SuiteRunner.runSequentially(SuiteRunner.java:437)
at org.testng.SuiteRunner.privateRun(SuiteRunner.java:397)
at org.testng.SuiteRunner.run(SuiteRunner.java:336)
at org.testng.SuiteRunnerWorker.runSuite(SuiteRunnerWorker.java:52)
at org.testng.SuiteRunnerWorker.run(SuiteRunnerWorker.java:95)
at org.testng.TestNG.runSuitesSequentially(TestNG.java:1280)
at org.testng.TestNG.runSuitesLocally(TestNG.java:1200)
at org.testng.TestNG.runSuites(TestNG.java:1114)
at org.testng.TestNG.run(TestNG.java:1082)
at org.testng.remote.AbstractRemoteTestNG.run(AbstractRemoteTestNG.java:115)
at org.testng.remote.RemoteTestNG.initAndRun(RemoteTestNG.java:251)
at org.testng.remote.RemoteTestNG.main(RemoteTestNG.java:77)
]]>
    </failure>
  </testcase> <!-- @BeforeTest setup -->
  <testcase classname="com.DMS.testCases.TC_012_ConfigureExam" name="configureExam" time="0.001">
    <skipped/>
  </testcase> <!-- configureExam -->
  <testcase classname="com.DMS.testCases.TC_012_ConfigureExam" name="userAddition" time="0.0">
    <skipped/>
  </testcase> <!-- userAddition -->
  <testcase classname="com.DMS.testCases.TC_012_ConfigureExam" name="employeeDeletion" time="0.01">
    <skipped/>
  </testcase> <!-- employeeDeletion -->
  <testcase classname="com.DMS.testCases.TC_012_ConfigureExam" name="createQuestion" time="0.0">
    <skipped/>
  </testcase> <!-- createQuestion -->
  <testcase classname="com.DMS.testCases.TC_012_ConfigureExam" name="editQuestion" time="0.001">
    <skipped/>
  </testcase> <!-- editQuestion -->
  <testcase classname="com.DMS.testCases.TC_012_ConfigureExam" name="deleteQuestion" time="0.002">
    <skipped/>
  </testcase> <!-- deleteQuestion -->
  <testcase classname="com.DMS.testCases.TC_012_ConfigureExam" name="addDocument" time="0.001">
    <skipped/>
  </testcase> <!-- addDocument -->
  <testcase classname="com.DMS.testCases.TC_012_ConfigureExam" name="delDocument" time="0.0">
    <skipped/>
  </testcase> <!-- delDocument -->
  <testcase classname="com.DMS.testCases.TC_012_ConfigureExam" name="examConfiguration" time="0.001">
    <skipped/>
  </testcase> <!-- examConfiguration -->
  <testcase classname="com.DMS.testCases.TC_012_ConfigureExam" name="editTest" time="0.001">
    <skipped/>
  </testcase> <!-- editTest -->
  <testcase classname="com.DMS.testCases.TC_012_ConfigureExam" name="examNameSearchValidation" time="0.0">
    <skipped/>
  </testcase> <!-- examNameSearchValidation -->
  <testcase classname="com.DMS.testCases.TC_012_ConfigureExam" name="viewTest" time="0.0">
    <skipped/>
  </testcase> <!-- viewTest -->
</testsuite> <!-- Default test -->
