<?xml version="1.0" encoding="UTF-8"?>
<!-- Generated by org.testng.reporters.JUnitXMLReporter -->
<testsuite ignored="0" hostname="DESKTOP-2ODO8DJ" failures="0" tests="12" name="DMS App Test" time="40.625" errors="0" timestamp="2023-10-24T16:48:58 IST">
  <testcase classname="Base.BaseClassTest" name="@BeforeTest setup" time="38.649">
    <failure type="org.openqa.selenium.NoSuchWindowException" message="no such window: target window already closed
from unknown error: web view not found
  (Session info: chrome=118.0.5993.89)
Build info: version: &amp;apos;4.13.0&amp;apos;, revision: &amp;apos;ba948ece5b*&amp;apos;
System info: os.name: &amp;apos;Windows 10&amp;apos;, os.arch: &amp;apos;amd64&amp;apos;, os.version: &amp;apos;10.0&amp;apos;, java.version: &amp;apos;17.0.6&amp;apos;
Driver info: org.openqa.selenium.chrome.ChromeDriver
Command: [aa8e75fb6011853e6c5f5134b6068535, maximizeCurrentWindow {}]
Capabilities {acceptInsecureCerts: false, browserName: chrome, browserVersion: 118.0.5993.89, chrome: {chromedriverVersion: 118.0.5993.70 (e52f33f30b91..., userDataDir: C:\Users\lenovo\AppData\Loc...}, fedcm:accounts: true, goog:chromeOptions: {debuggerAddress: localhost:50695}, networkConnectionEnabled: false, pageLoadStrategy: normal, platformName: windows, proxy: Proxy(), se:cdp: ws://localhost:50695/devtoo..., se:cdpVersion: 118.0.5993.89, setWindowRect: true, strictFileInteractability: false, timeouts: {implicit: 0, pageLoad: 300000, script: 30000}, unhandledPromptBehavior: dismiss and notify, webauthn:extension:credBlob: true, webauthn:extension:largeBlob: true, webauthn:extension:minPinLength: true, webauthn:extension:prf: true, webauthn:virtualAuthenticators: true}
Session ID: aa8e75fb6011853e6c5f5134b6068535">
      <![CDATA[org.openqa.selenium.NoSuchWindowException: no such window: target window already closed
from unknown error: web view not found
  (Session info: chrome=118.0.5993.89)
Build info: version: '4.13.0', revision: 'ba948ece5b*'
System info: os.name: 'Windows 10', os.arch: 'amd64', os.version: '10.0', java.version: '17.0.6'
Driver info: org.openqa.selenium.chrome.ChromeDriver
Command: [aa8e75fb6011853e6c5f5134b6068535, maximizeCurrentWindow {}]
Capabilities {acceptInsecureCerts: false, browserName: chrome, browserVersion: 118.0.5993.89, chrome: {chromedriverVersion: 118.0.5993.70 (e52f33f30b91..., userDataDir: C:\Users\lenovo\AppData\Loc...}, fedcm:accounts: true, goog:chromeOptions: {debuggerAddress: localhost:50695}, networkConnectionEnabled: false, pageLoadStrategy: normal, platformName: windows, proxy: Proxy(), se:cdp: ws://localhost:50695/devtoo..., se:cdpVersion: 118.0.5993.89, setWindowRect: true, strictFileInteractability: false, timeouts: {implicit: 0, pageLoad: 300000, script: 30000}, unhandledPromptBehavior: dismiss and notify, webauthn:extension:credBlob: true, webauthn:extension:largeBlob: true, webauthn:extension:minPinLength: true, webauthn:extension:prf: true, webauthn:virtualAuthenticators: true}
Session ID: aa8e75fb6011853e6c5f5134b6068535
at org.openqa.selenium.remote.codec.w3c.W3CHttpResponseCodec.createException(W3CHttpResponseCodec.java:200)
at org.openqa.selenium.remote.codec.w3c.W3CHttpResponseCodec.decode(W3CHttpResponseCodec.java:133)
at org.openqa.selenium.remote.codec.w3c.W3CHttpResponseCodec.decode(W3CHttpResponseCodec.java:52)
at org.openqa.selenium.remote.HttpCommandExecutor.execute(HttpCommandExecutor.java:191)
at org.openqa.selenium.remote.service.DriverCommandExecutor.invokeExecute(DriverCommandExecutor.java:196)
at org.openqa.selenium.remote.service.DriverCommandExecutor.execute(DriverCommandExecutor.java:171)
at org.openqa.selenium.remote.RemoteWebDriver.execute(RemoteWebDriver.java:602)
at org.openqa.selenium.remote.RemoteWebDriver.execute(RemoteWebDriver.java:675)
at org.openqa.selenium.remote.RemoteWebDriver.execute(RemoteWebDriver.java:679)
at org.openqa.selenium.remote.RemoteWebDriver$RemoteWebDriverOptions$RemoteWindow.maximize(RemoteWebDriver.java:1063)
at Base.BaseClassTest.setup(BaseClassTest.java:53)
... Removed 29 stack frames]]>
    </failure>
  </testcase> <!-- @BeforeTest setup -->
  <testcase classname="com.DMS.testCases.TC_012_ConfigureExam" name="configureExam" time="0.0">
    <skipped/>
  </testcase> <!-- configureExam -->
  <testcase classname="com.DMS.testCases.TC_012_ConfigureExam" name="userAddition" time="0.0">
    <skipped/>
  </testcase> <!-- userAddition -->
  <testcase classname="com.DMS.testCases.TC_012_ConfigureExam" name="employeeDeletion" time="0.0">
    <skipped/>
  </testcase> <!-- employeeDeletion -->
  <testcase classname="com.DMS.testCases.TC_012_ConfigureExam" name="createQuestion" time="0.0">
    <skipped/>
  </testcase> <!-- createQuestion -->
  <testcase classname="com.DMS.testCases.TC_012_ConfigureExam" name="editQuestion" time="0.0">
    <skipped/>
  </testcase> <!-- editQuestion -->
  <testcase classname="com.DMS.testCases.TC_012_ConfigureExam" name="deleteQuestion" time="0.0">
    <skipped/>
  </testcase> <!-- deleteQuestion -->
  <testcase classname="com.DMS.testCases.TC_012_ConfigureExam" name="addDocument" time="0.001">
    <skipped/>
  </testcase> <!-- addDocument -->
  <testcase classname="com.DMS.testCases.TC_012_ConfigureExam" name="delDocument" time="0.0">
    <skipped/>
  </testcase> <!-- delDocument -->
  <testcase classname="com.DMS.testCases.TC_012_ConfigureExam" name="examConfiguration" time="0.0">
    <skipped/>
  </testcase> <!-- examConfiguration -->
  <testcase classname="com.DMS.testCases.TC_012_ConfigureExam" name="examNameSearchValidation" time="0.0">
    <skipped/>
  </testcase> <!-- examNameSearchValidation -->
  <testcase classname="com.DMS.testCases.TC_012_ConfigureExam" name="editTest" time="0.0">
    <skipped/>
  </testcase> <!-- editTest -->
  <testcase classname="com.DMS.testCases.TC_012_ConfigureExam" name="viewTest" time="0.0">
    <skipped/>
  </testcase> <!-- viewTest -->
</testsuite> <!-- DMS App Test -->
